<?xml version="1.0" encoding="UTF-8"?>
<!-- Generated by org.testng.reporters.JUnitReportReporter -->
<testsuite hostname="NAITIK-PC" name="test.LoginPageTestWithPOM" tests="2" failures="0" timestamp="2 Jul 2018 05:19:48 GMT" time="98.882" errors="0">
  <testcase name="LoginToSite" time="46.317" classname="test.LoginPageTestWithPOM"/>
  <testcase name="LoginToSite" time="52.565" classname="test.LoginPageTestWithPOM"/>
</testsuite> <!-- test.LoginPageTestWithPOM -->
