<?xml version="1.0" encoding="UTF-8"?>
<!-- Generated by org.testng.reporters.JUnitReportReporter -->
<testsuite hostname="NAITIK-PC" name="test.LoginPageTest" tests="1" failures="0" timestamp="28 Aug 2017 19:06:59 GMT" time="23.653" errors="0">
  <testcase name="browserTest" time="23.653" classname="test.LoginPageTest"/>
</testsuite> <!-- test.LoginPageTest -->
