<?xml version="1.0" encoding="UTF-8"?>
<!-- Generated by org.testng.reporters.JUnitReportReporter -->
<testsuite hostname="NAITIK-PC" name="test.LoginPageTestWithPOM" tests="2" failures="0" timestamp="31 Mar 2019 10:25:06 GMT" time="73.250" errors="0">
  <testcase name="LoginToSite" time="33.526" classname="test.LoginPageTestWithPOM"/>
  <testcase name="LoginToSite" time="39.724" classname="test.LoginPageTestWithPOM"/>
</testsuite> <!-- test.LoginPageTestWithPOM -->
